<?xml version="1.0" encoding="UTF-8"?>
<testsuites>
  <testsuite name="C:\laragon\www\savorybytes\phpunit.xml.dist" tests="26" assertions="28" errors="2" failures="22" skipped="0" time="9.348243">
    <testsuite name="Application Test Suite" tests="26" assertions="28" errors="2" failures="22" skipped="0" time="9.348243">
      <testsuite name="Tests\Feature\Auth\AuthenticationTest" file="C:\laragon\www\savorybytes\tests\Feature\Auth\AuthenticationTest.php" tests="4" assertions="4" errors="0" failures="3" skipped="0" time="8.261749">
        <testcase name="test_login_screen_can_be_rendered" file="C:\laragon\www\savorybytes\tests\Feature\Auth\AuthenticationTest.php" line="14" class="Tests\Feature\Auth\AuthenticationTest" classname="Tests.Feature.Auth.AuthenticationTest" assertions="1" time="6.527395">
          <failure type="PHPUnit\Framework\ExpectationFailedException">Tests\Feature\Auth\AuthenticationTest::test_login_screen_can_be_rendered&#13;
Expected response status code [200] but received 404.
Failed asserting that 404 is identical to 200.
&#13;
C:\laragon\www\savorybytes\vendor\laravel\framework\src\Illuminate\Testing\TestResponse.php:148
C:\laragon\www\savorybytes\tests\Feature\Auth\AuthenticationTest.php:18
C:\laragon\www\savorybytes\vendor\laravel\framework\src\Illuminate\Foundation\Testing\TestCase.php:61</failure>
        </testcase>
        <testcase name="test_users_can_authenticate_using_the_login_screen" file="C:\laragon\www\savorybytes\tests\Feature\Auth\AuthenticationTest.php" line="21" class="Tests\Feature\Auth\AuthenticationTest" classname="Tests.Feature.Auth.AuthenticationTest" assertions="1" time="1.441042">
          <failure type="PHPUnit\Framework\ExpectationFailedException">Tests\Feature\Auth\AuthenticationTest::test_users_can_authenticate_using_the_login_screen&#13;
The user is not authenticated
Failed asserting that false is true.
&#13;
C:\laragon\www\savorybytes\vendor\laravel\framework\src\Illuminate\Foundation\Testing\Concerns\InteractsWithAuthentication.php:49
C:\laragon\www\savorybytes\tests\Feature\Auth\AuthenticationTest.php:30
C:\laragon\www\savorybytes\vendor\laravel\framework\src\Illuminate\Foundation\Testing\TestCase.php:61</failure>
        </testcase>
        <testcase name="test_users_can_not_authenticate_with_invalid_password" file="C:\laragon\www\savorybytes\tests\Feature\Auth\AuthenticationTest.php" line="34" class="Tests\Feature\Auth\AuthenticationTest" classname="Tests.Feature.Auth.AuthenticationTest" assertions="1" time="0.197711"/>
        <testcase name="test_users_can_logout" file="C:\laragon\www\savorybytes\tests\Feature\Auth\AuthenticationTest.php" line="46" class="Tests\Feature\Auth\AuthenticationTest" classname="Tests.Feature.Auth.AuthenticationTest" assertions="1" time="0.095601">
          <failure type="PHPUnit\Framework\ExpectationFailedException">Tests\Feature\Auth\AuthenticationTest::test_users_can_logout&#13;
The user is authenticated
Failed asserting that true is false.
&#13;
C:\laragon\www\savorybytes\vendor\laravel\framework\src\Illuminate\Foundation\Testing\Concerns\InteractsWithAuthentication.php:62
C:\laragon\www\savorybytes\tests\Feature\Auth\AuthenticationTest.php:52
C:\laragon\www\savorybytes\vendor\laravel\framework\src\Illuminate\Foundation\Testing\TestCase.php:61</failure>
        </testcase>
      </testsuite>
      <testsuite name="Tests\Feature\Auth\EmailVerificationTest" file="C:\laragon\www\savorybytes\tests\Feature\Auth\EmailVerificationTest.php" tests="3" assertions="1" errors="2" failures="1" skipped="0" time="0.322004">
        <testcase name="test_email_verification_screen_can_be_rendered" file="C:\laragon\www\savorybytes\tests\Feature\Auth\EmailVerificationTest.php" line="17" class="Tests\Feature\Auth\EmailVerificationTest" classname="Tests.Feature.Auth.EmailVerificationTest" assertions="1" time="0.063702">
          <failure type="PHPUnit\Framework\ExpectationFailedException">Tests\Feature\Auth\EmailVerificationTest::test_email_verification_screen_can_be_rendered&#13;
Expected response status code [200] but received 404.
Failed asserting that 404 is identical to 200.
&#13;
C:\laragon\www\savorybytes\vendor\laravel\framework\src\Illuminate\Testing\TestResponse.php:148
C:\laragon\www\savorybytes\tests\Feature\Auth\EmailVerificationTest.php:25
C:\laragon\www\savorybytes\vendor\laravel\framework\src\Illuminate\Foundation\Testing\TestCase.php:61</failure>
        </testcase>
        <testcase name="test_email_can_be_verified" file="C:\laragon\www\savorybytes\tests\Feature\Auth\EmailVerificationTest.php" line="28" class="Tests\Feature\Auth\EmailVerificationTest" classname="Tests.Feature.Auth.EmailVerificationTest" assertions="0" time="0.211015">
          <error type="Symfony\Component\Routing\Exception\RouteNotFoundException">Tests\Feature\Auth\EmailVerificationTest::test_email_can_be_verified&#13;
Symfony\Component\Routing\Exception\RouteNotFoundException: Route [verification.verify] not defined.
&#13;
C:\laragon\www\savorybytes\vendor\laravel\framework\src\Illuminate\Routing\UrlGenerator.php:477
C:\laragon\www\savorybytes\vendor\laravel\framework\src\Illuminate\Routing\UrlGenerator.php:353
C:\laragon\www\savorybytes\vendor\laravel\framework\src\Illuminate\Routing\UrlGenerator.php:389
C:\laragon\www\savorybytes\vendor\laravel\framework\src\Illuminate\Support\Facades\Facade.php:355
C:\laragon\www\savorybytes\tests\Feature\Auth\EmailVerificationTest.php:39
C:\laragon\www\savorybytes\vendor\laravel\framework\src\Illuminate\Foundation\Testing\TestCase.php:61</error>
        </testcase>
        <testcase name="test_email_is_not_verified_with_invalid_hash" file="C:\laragon\www\savorybytes\tests\Feature\Auth\EmailVerificationTest.php" line="49" class="Tests\Feature\Auth\EmailVerificationTest" classname="Tests.Feature.Auth.EmailVerificationTest" assertions="0" time="0.047287">
          <error type="Symfony\Component\Routing\Exception\RouteNotFoundException">Tests\Feature\Auth\EmailVerificationTest::test_email_is_not_verified_with_invalid_hash&#13;
Symfony\Component\Routing\Exception\RouteNotFoundException: Route [verification.verify] not defined.
&#13;
C:\laragon\www\savorybytes\vendor\laravel\framework\src\Illuminate\Routing\UrlGenerator.php:477
C:\laragon\www\savorybytes\vendor\laravel\framework\src\Illuminate\Routing\UrlGenerator.php:353
C:\laragon\www\savorybytes\vendor\laravel\framework\src\Illuminate\Routing\UrlGenerator.php:389
C:\laragon\www\savorybytes\vendor\laravel\framework\src\Illuminate\Support\Facades\Facade.php:355
C:\laragon\www\savorybytes\tests\Feature\Auth\EmailVerificationTest.php:58
C:\laragon\www\savorybytes\vendor\laravel\framework\src\Illuminate\Foundation\Testing\TestCase.php:61</error>
        </testcase>
      </testsuite>
      <testsuite name="Tests\Feature\Auth\PasswordConfirmationTest" file="C:\laragon\www\savorybytes\tests\Feature\Auth\PasswordConfirmationTest.php" tests="3" assertions="3" errors="0" failures="3" skipped="0" time="0.104395">
        <testcase name="test_confirm_password_screen_can_be_rendered" file="C:\laragon\www\savorybytes\tests\Feature\Auth\PasswordConfirmationTest.php" line="13" class="Tests\Feature\Auth\PasswordConfirmationTest" classname="Tests.Feature.Auth.PasswordConfirmationTest" assertions="1" time="0.041195">
          <failure type="PHPUnit\Framework\ExpectationFailedException">Tests\Feature\Auth\PasswordConfirmationTest::test_confirm_password_screen_can_be_rendered&#13;
Expected response status code [200] but received 404.
Failed asserting that 404 is identical to 200.
&#13;
C:\laragon\www\savorybytes\vendor\laravel\framework\src\Illuminate\Testing\TestResponse.php:148
C:\laragon\www\savorybytes\tests\Feature\Auth\PasswordConfirmationTest.php:19
C:\laragon\www\savorybytes\vendor\laravel\framework\src\Illuminate\Foundation\Testing\TestCase.php:61</failure>
        </testcase>
        <testcase name="test_password_can_be_confirmed" file="C:\laragon\www\savorybytes\tests\Feature\Auth\PasswordConfirmationTest.php" line="22" class="Tests\Feature\Auth\PasswordConfirmationTest" classname="Tests.Feature.Auth.PasswordConfirmationTest" assertions="1" time="0.032695">
          <failure type="PHPUnit\Framework\ExpectationFailedException">Tests\Feature\Auth\PasswordConfirmationTest::test_password_can_be_confirmed&#13;
Expected response status code [201, 301, 302, 303, 307, 308] but received 404.
Failed asserting that false is true.
&#13;
C:\laragon\www\savorybytes\vendor\laravel\framework\src\Illuminate\Testing\TestResponse.php:175
C:\laragon\www\savorybytes\tests\Feature\Auth\PasswordConfirmationTest.php:30
C:\laragon\www\savorybytes\vendor\laravel\framework\src\Illuminate\Foundation\Testing\TestCase.php:61</failure>
        </testcase>
        <testcase name="test_password_is_not_confirmed_with_invalid_password" file="C:\laragon\www\savorybytes\tests\Feature\Auth\PasswordConfirmationTest.php" line="34" class="Tests\Feature\Auth\PasswordConfirmationTest" classname="Tests.Feature.Auth.PasswordConfirmationTest" assertions="1" time="0.030505">
          <failure type="PHPUnit\Framework\ExpectationFailedException">Tests\Feature\Auth\PasswordConfirmationTest::test_password_is_not_confirmed_with_invalid_password&#13;
Session is missing expected key [errors].
Failed asserting that false is true.
&#13;
C:\laragon\www\savorybytes\vendor\laravel\framework\src\Illuminate\Testing\TestResponse.php:1265
C:\laragon\www\savorybytes\vendor\laravel\framework\src\Illuminate\Testing\TestResponse.php:1340
C:\laragon\www\savorybytes\tests\Feature\Auth\PasswordConfirmationTest.php:42
C:\laragon\www\savorybytes\vendor\laravel\framework\src\Illuminate\Foundation\Testing\TestCase.php:61</failure>
        </testcase>
      </testsuite>
      <testsuite name="Tests\Feature\Auth\PasswordResetTest" file="C:\laragon\www\savorybytes\tests\Feature\Auth\PasswordResetTest.php" tests="4" assertions="4" errors="0" failures="4" skipped="0" time="0.226685">
        <testcase name="test_reset_password_link_screen_can_be_rendered" file="C:\laragon\www\savorybytes\tests\Feature\Auth\PasswordResetTest.php" line="15" class="Tests\Feature\Auth\PasswordResetTest" classname="Tests.Feature.Auth.PasswordResetTest" assertions="1" time="0.037129">
          <failure type="PHPUnit\Framework\ExpectationFailedException">Tests\Feature\Auth\PasswordResetTest::test_reset_password_link_screen_can_be_rendered&#13;
Expected response status code [200] but received 404.
Failed asserting that 404 is identical to 200.
&#13;
C:\laragon\www\savorybytes\vendor\laravel\framework\src\Illuminate\Testing\TestResponse.php:148
C:\laragon\www\savorybytes\tests\Feature\Auth\PasswordResetTest.php:19
C:\laragon\www\savorybytes\vendor\laravel\framework\src\Illuminate\Foundation\Testing\TestCase.php:61</failure>
        </testcase>
        <testcase name="test_reset_password_link_can_be_requested" file="C:\laragon\www\savorybytes\tests\Feature\Auth\PasswordResetTest.php" line="22" class="Tests\Feature\Auth\PasswordResetTest" classname="Tests.Feature.Auth.PasswordResetTest" assertions="1" time="0.121449">
          <failure type="PHPUnit\Framework\ExpectationFailedException">Tests\Feature\Auth\PasswordResetTest::test_reset_password_link_can_be_requested&#13;
The expected [Illuminate\Auth\Notifications\ResetPassword] notification was not sent.
Failed asserting that false is true.
&#13;
C:\laragon\www\savorybytes\vendor\laravel\framework\src\Illuminate\Support\Testing\Fakes\NotificationFake.php:91
C:\laragon\www\savorybytes\vendor\laravel\framework\src\Illuminate\Support\Facades\Facade.php:355
C:\laragon\www\savorybytes\tests\Feature\Auth\PasswordResetTest.php:30
C:\laragon\www\savorybytes\vendor\laravel\framework\src\Illuminate\Foundation\Testing\TestCase.php:61</failure>
        </testcase>
        <testcase name="test_reset_password_screen_can_be_rendered" file="C:\laragon\www\savorybytes\tests\Feature\Auth\PasswordResetTest.php" line="33" class="Tests\Feature\Auth\PasswordResetTest" classname="Tests.Feature.Auth.PasswordResetTest" assertions="1" time="0.035344">
          <failure type="PHPUnit\Framework\ExpectationFailedException">Tests\Feature\Auth\PasswordResetTest::test_reset_password_screen_can_be_rendered&#13;
The expected [Illuminate\Auth\Notifications\ResetPassword] notification was not sent.
Failed asserting that false is true.
&#13;
C:\laragon\www\savorybytes\vendor\laravel\framework\src\Illuminate\Support\Testing\Fakes\NotificationFake.php:91
C:\laragon\www\savorybytes\vendor\laravel\framework\src\Illuminate\Support\Facades\Facade.php:355
C:\laragon\www\savorybytes\tests\Feature\Auth\PasswordResetTest.php:47
C:\laragon\www\savorybytes\vendor\laravel\framework\src\Illuminate\Foundation\Testing\TestCase.php:61</failure>
        </testcase>
        <testcase name="test_password_can_be_reset_with_valid_token" file="C:\laragon\www\savorybytes\tests\Feature\Auth\PasswordResetTest.php" line="50" class="Tests\Feature\Auth\PasswordResetTest" classname="Tests.Feature.Auth.PasswordResetTest" assertions="1" time="0.032764">
          <failure type="PHPUnit\Framework\ExpectationFailedException">Tests\Feature\Auth\PasswordResetTest::test_password_can_be_reset_with_valid_token&#13;
The expected [Illuminate\Auth\Notifications\ResetPassword] notification was not sent.
Failed asserting that false is true.
&#13;
C:\laragon\www\savorybytes\vendor\laravel\framework\src\Illuminate\Support\Testing\Fakes\NotificationFake.php:91
C:\laragon\www\savorybytes\vendor\laravel\framework\src\Illuminate\Support\Facades\Facade.php:355
C:\laragon\www\savorybytes\tests\Feature\Auth\PasswordResetTest.php:71
C:\laragon\www\savorybytes\vendor\laravel\framework\src\Illuminate\Foundation\Testing\TestCase.php:61</failure>
        </testcase>
      </testsuite>
      <testsuite name="Tests\Feature\Auth\PasswordUpdateTest" file="C:\laragon\www\savorybytes\tests\Feature\Auth\PasswordUpdateTest.php" tests="2" assertions="3" errors="0" failures="2" skipped="0" time="0.069798">
        <testcase name="test_password_can_be_updated" file="C:\laragon\www\savorybytes\tests\Feature\Auth\PasswordUpdateTest.php" line="14" class="Tests\Feature\Auth\PasswordUpdateTest" classname="Tests.Feature.Auth.PasswordUpdateTest" assertions="2" time="0.038398">
          <failure type="PHPUnit\Framework\ExpectationFailedException">Tests\Feature\Auth\PasswordUpdateTest::test_password_can_be_updated&#13;
Expected response status code [201, 301, 302, 303, 307, 308] but received 404.
Failed asserting that false is true.
&#13;
C:\laragon\www\savorybytes\vendor\laravel\framework\src\Illuminate\Testing\TestResponse.php:175
C:\laragon\www\savorybytes\tests\Feature\Auth\PasswordUpdateTest.php:29
C:\laragon\www\savorybytes\vendor\laravel\framework\src\Illuminate\Foundation\Testing\TestCase.php:61</failure>
        </testcase>
        <testcase name="test_correct_password_must_be_provided_to_update_password" file="C:\laragon\www\savorybytes\tests\Feature\Auth\PasswordUpdateTest.php" line="34" class="Tests\Feature\Auth\PasswordUpdateTest" classname="Tests.Feature.Auth.PasswordUpdateTest" assertions="1" time="0.031400">
          <failure type="PHPUnit\Framework\ExpectationFailedException">Tests\Feature\Auth\PasswordUpdateTest::test_correct_password_must_be_provided_to_update_password&#13;
Session is missing expected key [errors].
Failed asserting that false is true.
&#13;
C:\laragon\www\savorybytes\vendor\laravel\framework\src\Illuminate\Testing\TestResponse.php:1265
C:\laragon\www\savorybytes\vendor\laravel\framework\src\Illuminate\Testing\TestResponse.php:1340
C:\laragon\www\savorybytes\vendor\laravel\framework\src\Illuminate\Testing\TestResponse.php:1434
C:\laragon\www\savorybytes\tests\Feature\Auth\PasswordUpdateTest.php:48
C:\laragon\www\savorybytes\vendor\laravel\framework\src\Illuminate\Foundation\Testing\TestCase.php:61</failure>
        </testcase>
      </testsuite>
      <testsuite name="Tests\Feature\Auth\RegistrationTest" file="C:\laragon\www\savorybytes\tests\Feature\Auth\RegistrationTest.php" tests="2" assertions="2" errors="0" failures="2" skipped="0" time="0.069120">
        <testcase name="test_registration_screen_can_be_rendered" file="C:\laragon\www\savorybytes\tests\Feature\Auth\RegistrationTest.php" line="13" class="Tests\Feature\Auth\RegistrationTest" classname="Tests.Feature.Auth.RegistrationTest" assertions="1" time="0.036927">
          <failure type="PHPUnit\Framework\ExpectationFailedException">Tests\Feature\Auth\RegistrationTest::test_registration_screen_can_be_rendered&#13;
Expected response status code [200] but received 404.
Failed asserting that 404 is identical to 200.
&#13;
C:\laragon\www\savorybytes\vendor\laravel\framework\src\Illuminate\Testing\TestResponse.php:148
C:\laragon\www\savorybytes\tests\Feature\Auth\RegistrationTest.php:17
C:\laragon\www\savorybytes\vendor\laravel\framework\src\Illuminate\Foundation\Testing\TestCase.php:61</failure>
        </testcase>
        <testcase name="test_new_users_can_register" file="C:\laragon\www\savorybytes\tests\Feature\Auth\RegistrationTest.php" line="20" class="Tests\Feature\Auth\RegistrationTest" classname="Tests.Feature.Auth.RegistrationTest" assertions="1" time="0.032193">
          <failure type="PHPUnit\Framework\ExpectationFailedException">Tests\Feature\Auth\RegistrationTest::test_new_users_can_register&#13;
The user is not authenticated
Failed asserting that false is true.
&#13;
C:\laragon\www\savorybytes\vendor\laravel\framework\src\Illuminate\Foundation\Testing\Concerns\InteractsWithAuthentication.php:49
C:\laragon\www\savorybytes\tests\Feature\Auth\RegistrationTest.php:29
C:\laragon\www\savorybytes\vendor\laravel\framework\src\Illuminate\Foundation\Testing\TestCase.php:61</failure>
        </testcase>
      </testsuite>
      <testsuite name="Tests\Feature\ExampleTest" file="C:\laragon\www\savorybytes\tests\Feature\ExampleTest.php" tests="1" assertions="1" errors="0" failures="1" skipped="0" time="0.015529">
        <testcase name="test_the_application_returns_a_successful_response" file="C:\laragon\www\savorybytes\tests\Feature\ExampleTest.php" line="13" class="Tests\Feature\ExampleTest" classname="Tests.Feature.ExampleTest" assertions="1" time="0.015529">
          <failure type="PHPUnit\Framework\ExpectationFailedException">Tests\Feature\ExampleTest::test_the_application_returns_a_successful_response&#13;
Expected response status code [200] but received 404.
Failed asserting that 404 is identical to 200.
&#13;
C:\laragon\www\savorybytes\vendor\laravel\framework\src\Illuminate\Testing\TestResponse.php:148
C:\laragon\www\savorybytes\tests\Feature\ExampleTest.php:17
C:\laragon\www\savorybytes\vendor\laravel\framework\src\Illuminate\Foundation\Testing\TestCase.php:61</failure>
        </testcase>
      </testsuite>
      <testsuite name="Tests\Feature\ProfileTest" file="C:\laragon\www\savorybytes\tests\Feature\ProfileTest.php" tests="5" assertions="8" errors="0" failures="5" skipped="0" time="0.178029">
        <testcase name="test_profile_page_is_displayed" file="C:\laragon\www\savorybytes\tests\Feature\ProfileTest.php" line="13" class="Tests\Feature\ProfileTest" classname="Tests.Feature.ProfileTest" assertions="1" time="0.021982">
          <failure type="PHPUnit\Framework\ExpectationFailedException">Tests\Feature\ProfileTest::test_profile_page_is_displayed&#13;
Expected response status code [200] but received 404.
Failed asserting that 404 is identical to 200.
&#13;
C:\laragon\www\savorybytes\vendor\laravel\framework\src\Illuminate\Testing\TestResponse.php:148
C:\laragon\www\savorybytes\vendor\laravel\framework\src\Illuminate\Testing\Concerns\AssertsStatusCodes.php:16
C:\laragon\www\savorybytes\tests\Feature\ProfileTest.php:21
C:\laragon\www\savorybytes\vendor\laravel\framework\src\Illuminate\Foundation\Testing\TestCase.php:61</failure>
        </testcase>
        <testcase name="test_profile_information_can_be_updated" file="C:\laragon\www\savorybytes\tests\Feature\ProfileTest.php" line="24" class="Tests\Feature\ProfileTest" classname="Tests.Feature.ProfileTest" assertions="2" time="0.044708">
          <failure type="PHPUnit\Framework\ExpectationFailedException">Tests\Feature\ProfileTest::test_profile_information_can_be_updated&#13;
Expected response status code [201, 301, 302, 303, 307, 308] but received 404.
Failed asserting that false is true.
&#13;
C:\laragon\www\savorybytes\vendor\laravel\framework\src\Illuminate\Testing\TestResponse.php:175
C:\laragon\www\savorybytes\tests\Feature\ProfileTest.php:37
C:\laragon\www\savorybytes\vendor\laravel\framework\src\Illuminate\Foundation\Testing\TestCase.php:61</failure>
        </testcase>
        <testcase name="test_email_verification_status_is_unchanged_when_the_email_address_is_unchanged" file="C:\laragon\www\savorybytes\tests\Feature\ProfileTest.php" line="46" class="Tests\Feature\ProfileTest" classname="Tests.Feature.ProfileTest" assertions="2" time="0.031384">
          <failure type="PHPUnit\Framework\ExpectationFailedException">Tests\Feature\ProfileTest::test_email_verification_status_is_unchanged_when_the_email_address_is_unchanged&#13;
Expected response status code [201, 301, 302, 303, 307, 308] but received 404.
Failed asserting that false is true.
&#13;
C:\laragon\www\savorybytes\vendor\laravel\framework\src\Illuminate\Testing\TestResponse.php:175
C:\laragon\www\savorybytes\tests\Feature\ProfileTest.php:59
C:\laragon\www\savorybytes\vendor\laravel\framework\src\Illuminate\Foundation\Testing\TestCase.php:61</failure>
        </testcase>
        <testcase name="test_user_can_delete_their_account" file="C:\laragon\www\savorybytes\tests\Feature\ProfileTest.php" line="64" class="Tests\Feature\ProfileTest" classname="Tests.Feature.ProfileTest" assertions="2" time="0.034974">
          <failure type="PHPUnit\Framework\ExpectationFailedException">Tests\Feature\ProfileTest::test_user_can_delete_their_account&#13;
Expected response status code [201, 301, 302, 303, 307, 308] but received 404.
Failed asserting that false is true.
&#13;
C:\laragon\www\savorybytes\vendor\laravel\framework\src\Illuminate\Testing\TestResponse.php:175
C:\laragon\www\savorybytes\tests\Feature\ProfileTest.php:76
C:\laragon\www\savorybytes\vendor\laravel\framework\src\Illuminate\Foundation\Testing\TestCase.php:61</failure>
        </testcase>
        <testcase name="test_correct_password_must_be_provided_to_delete_account" file="C:\laragon\www\savorybytes\tests\Feature\ProfileTest.php" line="82" class="Tests\Feature\ProfileTest" classname="Tests.Feature.ProfileTest" assertions="1" time="0.044981">
          <failure type="PHPUnit\Framework\ExpectationFailedException">Tests\Feature\ProfileTest::test_correct_password_must_be_provided_to_delete_account&#13;
Session is missing expected key [errors].
Failed asserting that false is true.
&#13;
C:\laragon\www\savorybytes\vendor\laravel\framework\src\Illuminate\Testing\TestResponse.php:1265
C:\laragon\www\savorybytes\vendor\laravel\framework\src\Illuminate\Testing\TestResponse.php:1340
C:\laragon\www\savorybytes\vendor\laravel\framework\src\Illuminate\Testing\TestResponse.php:1434
C:\laragon\www\savorybytes\tests\Feature\ProfileTest.php:94
C:\laragon\www\savorybytes\vendor\laravel\framework\src\Illuminate\Foundation\Testing\TestCase.php:61</failure>
        </testcase>
      </testsuite>
      <testsuite name="Tests\Unit\ExampleTest" file="C:\laragon\www\savorybytes\tests\Unit\ExampleTest.php" tests="1" assertions="1" errors="0" failures="0" skipped="0" time="0.002822">
        <testcase name="test_that_true_is_true" file="C:\laragon\www\savorybytes\tests\Unit\ExampleTest.php" line="12" class="Tests\Unit\ExampleTest" classname="Tests.Unit.ExampleTest" assertions="1" time="0.002822"/>
      </testsuite>
      <testsuite name="Tests\Unit\FavoriteControllerTest" file="C:\laragon\www\savorybytes\tests\Unit\FavoriteControllerTest.php" tests="1" assertions="1" errors="0" failures="1" skipped="0" time="0.098112">
        <testcase name="testDestroy" file="C:\laragon\www\savorybytes\tests\Unit\FavoriteControllerTest.php" line="77" class="Tests\Unit\FavoriteControllerTest" classname="Tests.Unit.FavoriteControllerTest" assertions="1" time="0.098112">
          <failure type="PHPUnit\Framework\AssertionFailedError">Tests\Unit\FavoriteControllerTest::testDestroy&#13;
Favorite with ID 3 not found in the database.
&#13;
C:\laragon\www\savorybytes\tests\Unit\FavoriteControllerTest.php:84
C:\laragon\www\savorybytes\vendor\laravel\framework\src\Illuminate\Foundation\Testing\TestCase.php:61</failure>
        </testcase>
      </testsuite>
    </testsuite>
  </testsuite>
</testsuites>
